[INFO] 2025-05-07 20:55:34,997 - Starting creation of TF models - Dataset Coffee
[INFO] 2025-05-07 20:55:34,997 - Using device: lp8
[INFO] 2025-05-07 20:55:34,997 - Dataset exists
[INFO] 2025-05-07 20:55:34,997 - Creating dataset objects...
[INFO] 2025-05-07 20:55:35,565 - >> Train nb img: 19712
[INFO] 2025-05-07 20:55:35,566 - >> Val nb img: 6592
[INFO] 2025-05-07 20:55:35,566 - >> Test nb img: 6592
[INFO] 2025-05-07 20:55:35,590 - Number of classes: 5
[INFO] 2025-05-07 20:55:35,590 - Class names: ['Cerscospora', 'Healthy', 'Leaf rust', 'Miner', 'Phoma']
[INFO] 2025-05-07 20:55:38,721 - Selected model type: MobileNet
[INFO] 2025-05-07 20:55:40,138 - Create TFLite model: False
[INFO] 2025-05-07 20:55:40,941 - Create quantized model: False
[INFO] 2025-05-07 20:55:40,942 - Creating MobileNet-specific dataset objects...
[INFO] 2025-05-07 20:55:41,458 - >> Train nb img: 19712
[INFO] 2025-05-07 20:55:41,458 - >> Val nb img: 6592
[INFO] 2025-05-07 20:55:41,458 - >> Test nb img: 6592
[INFO] 2025-05-07 20:55:41,483 - Searching for model: mobilenet_ep=10_lr=0.001_aug=False
[INFO] 2025-05-07 20:55:41,483 - Using model: /Users/tempone/Git/IC_vant/AI-vision-based-precision-agriculture/Coffee/model/lp8
[INFO] 2025-05-07 20:55:41,483 - Model path: /Users/tempone/Git/IC_vant/AI-vision-based-precision-agriculture/Coffee/model/lp8/mobilenet_ep=10_lr=0.001_aug=False.keras
[INFO] 2025-05-07 20:55:41,483 - Device: lp8
[INFO] 2025-05-07 20:55:41,483 - Creating and compiling mobilenet model...
[INFO] 2025-05-07 20:55:42,454 - MobileNet model built successfully
[INFO] 2025-05-07 20:55:42,529 - Fitting mobilenet model...
[INFO] 2025-05-07 20:55:42,529 - 
--- Training model (mobilenet_ep=10_lr=0.001_aug=False) ---
