[INFO] 2025-05-07 20:44:40,482 - Starting creation of TF models - Dataset Coffee
[INFO] 2025-05-07 20:44:40,482 - Using device: lp8
[INFO] 2025-05-07 20:44:40,482 - Dataset exists
[INFO] 2025-05-07 20:44:40,482 - Creating dataset objects...
[INFO] 2025-05-07 20:44:41,503 - >> Train nb img: 19712
[INFO] 2025-05-07 20:44:41,503 - >> Val nb img: 6592
[INFO] 2025-05-07 20:44:41,503 - >> Test nb img: 6592
[INFO] 2025-05-07 20:44:41,530 - Number of classes: 5
[INFO] 2025-05-07 20:44:41,530 - Class names: ['Cerscospora', 'Healthy', 'Leaf rust', 'Miner', 'Phoma']
[INFO] 2025-05-07 20:44:43,957 - Selected model type: MobileNet
[INFO] 2025-05-07 20:44:45,120 - Create TFLite model: False
[INFO] 2025-05-07 20:44:45,711 - Create quantized model: False
[INFO] 2025-05-07 20:44:45,711 - Creating MobileNet-specific dataset objects...
[INFO] 2025-05-07 20:44:46,222 - >> Train nb img: 19712
[INFO] 2025-05-07 20:44:46,222 - >> Val nb img: 6592
[INFO] 2025-05-07 20:44:46,222 - >> Test nb img: 6592
[INFO] 2025-05-07 20:44:46,246 - Searching for model: mobilenet_ep=10_lr=0.001_aug=False
[INFO] 2025-05-07 20:44:46,246 - Using model: /Users/tempone/Git/IC_vant/AI-vision-based-precision-agriculture/Coffee/model/lp8
[INFO] 2025-05-07 20:44:46,246 - Model path: /Users/tempone/Git/IC_vant/AI-vision-based-precision-agriculture/Coffee/model/lp8/mobilenet_ep=10_lr=0.001_aug=False.keras
[INFO] 2025-05-07 20:44:46,246 - Device: lp8
[INFO] 2025-05-07 20:44:46,246 - Creating and compiling mobilenet model...
