[INFO] 2025-05-07 20:46:55,046 - Starting creation of TF models - Dataset Coffee
[INFO] 2025-05-07 20:46:55,047 - Using device: lp8
[INFO] 2025-05-07 20:46:55,047 - Dataset exists
[INFO] 2025-05-07 20:46:55,047 - Creating dataset objects...
[INFO] 2025-05-07 20:46:55,746 - >> Train nb img: 19712
[INFO] 2025-05-07 20:46:55,746 - >> Val nb img: 6592
[INFO] 2025-05-07 20:46:55,746 - >> Test nb img: 6592
[INFO] 2025-05-07 20:46:55,771 - Number of classes: 5
[INFO] 2025-05-07 20:46:55,772 - Class names: ['Cerscospora', 'Healthy', 'Leaf rust', 'Miner', 'Phoma']
[INFO] 2025-05-07 20:46:57,523 - Selected model type: MobileNet
[INFO] 2025-05-07 20:46:58,453 - Create TFLite model: False
[INFO] 2025-05-07 20:46:58,929 - Create quantized model: False
[INFO] 2025-05-07 20:46:58,930 - Creating MobileNet-specific dataset objects...
[INFO] 2025-05-07 20:46:59,452 - >> Train nb img: 19712
[INFO] 2025-05-07 20:46:59,452 - >> Val nb img: 6592
[INFO] 2025-05-07 20:46:59,452 - >> Test nb img: 6592
[INFO] 2025-05-07 20:46:59,478 - Searching for model: mobilenet_ep=10_lr=0.001_aug=False
[INFO] 2025-05-07 20:46:59,478 - Using model: /Users/tempone/Git/IC_vant/AI-vision-based-precision-agriculture/Coffee/model/lp8
[INFO] 2025-05-07 20:46:59,478 - Model path: /Users/tempone/Git/IC_vant/AI-vision-based-precision-agriculture/Coffee/model/lp8/mobilenet_ep=10_lr=0.001_aug=False.keras
[INFO] 2025-05-07 20:46:59,478 - Device: lp8
[INFO] 2025-05-07 20:46:59,478 - Creating and compiling mobilenet model...
