[INFO] 2025-05-07 20:48:50,830 - Starting creation of TF models - Dataset Coffee
[INFO] 2025-05-07 20:48:50,830 - Using device: lp8
[INFO] 2025-05-07 20:48:50,830 - Dataset exists
[INFO] 2025-05-07 20:48:50,830 - Creating dataset objects...
[INFO] 2025-05-07 20:48:51,386 - >> Train nb img: 19712
[INFO] 2025-05-07 20:48:51,386 - >> Val nb img: 6592
[INFO] 2025-05-07 20:48:51,386 - >> Test nb img: 6592
[INFO] 2025-05-07 20:48:51,412 - Number of classes: 5
[INFO] 2025-05-07 20:48:51,412 - Class names: ['Cerscospora', 'Healthy', 'Leaf rust', 'Miner', 'Phoma']
[INFO] 2025-05-07 20:48:52,826 - Selected model type: MobileNet
[INFO] 2025-05-07 20:48:53,603 - Create TFLite model: False
[INFO] 2025-05-07 20:48:54,161 - Create quantized model: False
[INFO] 2025-05-07 20:48:54,162 - Creating MobileNet-specific dataset objects...
[INFO] 2025-05-07 20:48:54,688 - >> Train nb img: 19712
[INFO] 2025-05-07 20:48:54,688 - >> Val nb img: 6592
[INFO] 2025-05-07 20:48:54,688 - >> Test nb img: 6592
[INFO] 2025-05-07 20:48:54,713 - Searching for model: mobilenet_ep=10_lr=0.001_aug=False
[INFO] 2025-05-07 20:48:54,713 - Using model: /Users/tempone/Git/IC_vant/AI-vision-based-precision-agriculture/Coffee/model/lp8
[INFO] 2025-05-07 20:48:54,713 - Model path: /Users/tempone/Git/IC_vant/AI-vision-based-precision-agriculture/Coffee/model/lp8/mobilenet_ep=10_lr=0.001_aug=False.keras
[INFO] 2025-05-07 20:48:54,713 - Device: lp8
[INFO] 2025-05-07 20:48:54,713 - Creating and compiling mobilenet model...
[ERROR] 2025-05-07 20:48:55,673 - Error building MobileNet model: 'KerasTensor' object has no attribute 'node'
