[INFO] 2025-05-07 20:50:04,220 - Starting creation of TF models - Dataset Coffee
[INFO] 2025-05-07 20:50:04,220 - Using device: lp8
[INFO] 2025-05-07 20:50:04,220 - Dataset exists
[INFO] 2025-05-07 20:50:04,220 - Creating dataset objects...
[INFO] 2025-05-07 20:50:04,779 - >> Train nb img: 19712
[INFO] 2025-05-07 20:50:04,779 - >> Val nb img: 6592
[INFO] 2025-05-07 20:50:04,779 - >> Test nb img: 6592
[INFO] 2025-05-07 20:50:04,803 - Number of classes: 5
[INFO] 2025-05-07 20:50:04,803 - Class names: ['Cerscospora', 'Healthy', 'Leaf rust', 'Miner', 'Phoma']
[INFO] 2025-05-07 20:50:10,786 - Selected model type: MobileNet
[INFO] 2025-05-07 20:50:12,477 - Create TFLite model: False
[INFO] 2025-05-07 20:50:14,080 - Create quantized model: False
[INFO] 2025-05-07 20:50:14,081 - Creating MobileNet-specific dataset objects...
[INFO] 2025-05-07 20:50:14,593 - >> Train nb img: 19712
[INFO] 2025-05-07 20:50:14,593 - >> Val nb img: 6592
[INFO] 2025-05-07 20:50:14,593 - >> Test nb img: 6592
[INFO] 2025-05-07 20:50:14,618 - Searching for model: mobilenet_ep=10_lr=0.001_aug=False
[INFO] 2025-05-07 20:50:14,618 - Using model: /Users/tempone/Git/IC_vant/AI-vision-based-precision-agriculture/Coffee/model/lp8
[INFO] 2025-05-07 20:50:14,618 - Model path: /Users/tempone/Git/IC_vant/AI-vision-based-precision-agriculture/Coffee/model/lp8/mobilenet_ep=10_lr=0.001_aug=False.keras
[INFO] 2025-05-07 20:50:14,618 - Device: lp8
[INFO] 2025-05-07 20:50:14,618 - Creating and compiling mobilenet model...
[INFO] 2025-05-07 20:50:15,588 - MobileNet model built successfully
