[INFO] 2025-05-07 20:47:50,790 - Starting creation of TF models - Dataset Coffee
[INFO] 2025-05-07 20:47:50,790 - Using device: lp8
[INFO] 2025-05-07 20:47:50,790 - Dataset exists
[INFO] 2025-05-07 20:47:50,791 - Creating dataset objects...
[INFO] 2025-05-07 20:47:51,334 - >> Train nb img: 19712
[INFO] 2025-05-07 20:47:51,334 - >> Val nb img: 6592
[INFO] 2025-05-07 20:47:51,334 - >> Test nb img: 6592
[INFO] 2025-05-07 20:47:51,362 - Number of classes: 5
[INFO] 2025-05-07 20:47:51,362 - Class names: ['Cerscospora', 'Healthy', 'Leaf rust', 'Miner', 'Phoma']
[INFO] 2025-05-07 20:47:53,648 - Selected model type: MobileNet
[INFO] 2025-05-07 20:47:54,618 - Create TFLite model: False
[INFO] 2025-05-07 20:47:55,059 - Create quantized model: False
[INFO] 2025-05-07 20:47:55,060 - Creating MobileNet-specific dataset objects...
[INFO] 2025-05-07 20:47:55,603 - >> Train nb img: 19712
[INFO] 2025-05-07 20:47:55,604 - >> Val nb img: 6592
[INFO] 2025-05-07 20:47:55,604 - >> Test nb img: 6592
[INFO] 2025-05-07 20:47:55,626 - Searching for model: mobilenet_ep=10_lr=0.001_aug=False
[INFO] 2025-05-07 20:47:55,626 - Using model: /Users/tempone/Git/IC_vant/AI-vision-based-precision-agriculture/Coffee/model/lp8
[INFO] 2025-05-07 20:47:55,626 - Model path: /Users/tempone/Git/IC_vant/AI-vision-based-precision-agriculture/Coffee/model/lp8/mobilenet_ep=10_lr=0.001_aug=False.keras
[INFO] 2025-05-07 20:47:55,626 - Device: lp8
[INFO] 2025-05-07 20:47:55,626 - Creating and compiling mobilenet model...
