[INFO] 2025-05-07 20:56:23,955 - Starting creation of TF models - Dataset Coffee
[INFO] 2025-05-07 20:56:23,955 - Using device: mac
[INFO] 2025-05-07 20:56:23,955 - Dataset exists
[INFO] 2025-05-07 20:56:23,955 - Creating dataset objects...
[INFO] 2025-05-07 20:56:24,497 - >> Train nb img: 19712
[INFO] 2025-05-07 20:56:24,497 - >> Val nb img: 6592
[INFO] 2025-05-07 20:56:24,497 - >> Test nb img: 6592
[INFO] 2025-05-07 20:56:24,524 - Number of classes: 5
[INFO] 2025-05-07 20:56:24,524 - Class names: ['Cerscospora', 'Healthy', 'Leaf rust', 'Miner', 'Phoma']
[INFO] 2025-05-07 20:56:25,873 - Selected model type: MobileNet
[INFO] 2025-05-07 20:56:26,967 - Create TFLite model: True
[INFO] 2025-05-07 20:56:27,520 - Create quantized model: True
[INFO] 2025-05-07 20:56:28,523 - Create quantized TFLite model: True
[INFO] 2025-05-07 20:56:28,523 - Creating MobileNet-specific dataset objects...
[INFO] 2025-05-07 20:56:29,039 - >> Train nb img: 19712
[INFO] 2025-05-07 20:56:29,039 - >> Val nb img: 6592
[INFO] 2025-05-07 20:56:29,039 - >> Test nb img: 6592
[INFO] 2025-05-07 20:56:29,063 - Searching for model: mobilenet_ep=10_lr=0.001_aug=False
[INFO] 2025-05-07 20:56:29,063 - Using model: /Users/tempone/Git/IC_vant/AI-vision-based-precision-agriculture/Coffee/model/mac
[INFO] 2025-05-07 20:56:29,063 - Model path: /Users/tempone/Git/IC_vant/AI-vision-based-precision-agriculture/Coffee/model/mac/mobilenet_ep=10_lr=0.001_aug=False.keras
[INFO] 2025-05-07 20:56:29,063 - Device: mac
[INFO] 2025-05-07 20:56:29,063 - Creating and compiling mobilenet model...
[INFO] 2025-05-07 20:56:30,034 - MobileNet model built successfully
[INFO] 2025-05-07 20:56:30,042 - Fitting mobilenet model...
[INFO] 2025-05-07 20:56:30,042 - 
--- Training model (mobilenet_ep=10_lr=0.001_aug=False) ---
