[INFO] 2025-05-14 16:26:58,351 - Starting creation of TF models - Dataset PlantVillage
[INFO] 2025-05-14 16:26:58,351 - Using device: lp8
[INFO] 2025-05-14 16:26:58,352 - Training for 10 epochs
[INFO] 2025-05-14 16:26:58,352 - Using batch size: 8
[INFO] 2025-05-14 16:26:58,352 - Selected model type: cnn
[INFO] 2025-05-14 16:26:58,353 - Dataset exists
[INFO] 2025-05-14 16:26:58,353 - Creating dataset objects...
[INFO] 2025-05-14 16:26:59,006 - >> Train nb img: 9608
[INFO] 2025-05-14 16:26:59,006 - >> Val nb img: 3200
[INFO] 2025-05-14 16:26:59,006 - >> Test nb img: 3216
[INFO] 2025-05-14 16:26:59,038 - Number of classes: 10
[INFO] 2025-05-14 16:26:59,038 - Class names: ['Tomato_Bacterial_spot', 'Tomato_Early_blight', 'Tomato_Late_blight', 'Tomato_Leaf_Mold', 'Tomato_Septoria_leaf_spot', 'Tomato_Spider_mites_Two_spotted_spider_mite', 'Tomato__Target_Spot', 'Tomato__Tomato_YellowLeaf__Curl_Virus', 'Tomato__Tomato_mosaic_virus', 'Tomato_healthy']
[INFO] 2025-05-14 16:26:59,038 - Searching for model: cnn_ep=10_lr=0.001_aug=False
[INFO] 2025-05-14 16:26:59,038 - Using model: /home/lp8/Documentos/IC-VANT/AI-embedded-vision-VANT-precision-agriculture/PlantVillage/model/lp8
[INFO] 2025-05-14 16:26:59,039 - Model path: /home/lp8/Documentos/IC-VANT/AI-embedded-vision-VANT-precision-agriculture/PlantVillage/model/lp8/cnn_ep=10_lr=0.001_aug=False.keras
[INFO] 2025-05-14 16:26:59,039 - Device: lp8
[INFO] 2025-05-14 16:26:59,039 - Creating and compiling cnn model...
[INFO] 2025-05-14 16:26:59,127 - Fitting cnn model...
[INFO] 2025-05-14 16:26:59,128 - 
--- Training model (cnn_ep=10_lr=0.001_aug=False) ---
